[MASTER] 00:23:55.739 [pool-2-thread-1] ERROR TestCluster - Failed to check cache for org.asynchttpclient.AsyncHandler<T>.State : Type points to itself
[MASTER] 00:23:57.403 [pool-2-thread-1] ERROR TestClusterGenerator - Problem for org.asynchttpclient.DefaultAsyncHttpClient. Failed to add dependencies for class org.testng.TestRunner: java.lang.TypeNotPresentException: Type com.google.inject.Module not present
[sun.reflect.generics.factory.CoreReflectionFactory.makeNamedType(CoreReflectionFactory.java:117), sun.reflect.generics.visitor.Reifier.visitClassTypeSignature(Reifier.java:125), sun.reflect.generics.tree.ClassTypeSignature.accept(ClassTypeSignature.java:49), sun.reflect.generics.visitor.Reifier.reifyTypeArguments(Reifier.java:68), sun.reflect.generics.visitor.Reifier.visitClassTypeSignature(Reifier.java:138), sun.reflect.generics.tree.ClassTypeSignature.accept(ClassTypeSignature.java:49), sun.reflect.generics.visitor.Reifier.reifyTypeArguments(Reifier.java:68), sun.reflect.generics.visitor.Reifier.visitClassTypeSignature(Reifier.java:138), sun.reflect.generics.tree.ClassTypeSignature.accept(ClassTypeSignature.java:49), sun.reflect.generics.repository.FieldRepository.getGenericType(FieldRepository.java:85), java.lang.reflect.Field.getGenericType(Field.java:247), java.lang.reflect.Field.toGenericString(Field.java:329), org.evosuite.setup.TestClusterUtils.getFields(TestClusterUtils.java:224), org.evosuite.setup.TestClusterGenerator.addDependencyClass(TestClusterGenerator.java:1007), org.evosuite.setup.TestClusterGenerator.resolveDependencies(TestClusterGenerator.java:358), org.evosuite.setup.TestClusterGenerator.addNewDependencies(TestClusterGenerator.java:164), org.evosuite.testcase.TestFactory.createObject(TestFactory.java:1257), org.evosuite.testcase.TestFactory.attemptGeneration(TestFactory.java:814), org.evosuite.testcase.TestFactory.createVariable(TestFactory.java:1401), org.evosuite.testcase.TestFactory.createOrReuseVariable(TestFactory.java:1346), org.evosuite.testcase.TestFactory.satisfyParameters(TestFactory.java:2320), org.evosuite.testcase.TestFactory.addConstructor(TestFactory.java:224), org.evosuite.testcase.TestFactory.createObject(TestFactory.java:1290), org.evosuite.testcase.TestFactory.attemptGeneration(TestFactory.java:814), org.evosuite.testcase.TestFactory.createVariable(TestFactory.java:1401), org.evosuite.testcase.TestFactory.createOrReuseVariable(TestFactory.java:1346), org.evosuite.testcase.TestFactory.satisfyParameters(TestFactory.java:2320), org.evosuite.testcase.TestFactory.addMethodFor(TestFactory.java:579), org.evosuite.testcase.TestFactory.addCallFor(TestFactory.java:132), org.evosuite.testcase.TestFactory.insertRandomCallOnObjectAt(TestFactory.java:2264), org.evosuite.testcase.mutation.RandomInsertion.insertStatement(RandomInsertion.java:128), org.evosuite.testcase.TestFactory.insertRandomStatement(TestFactory.java:2276), org.evosuite.testcase.factories.RandomLengthTestFactory.getRandomTestCase(RandomLengthTestFactory.java:69), org.evosuite.testcase.factories.RandomLengthTestFactory.getChromosome(RandomLengthTestFactory.java:89), org.evosuite.testcase.factories.RandomLengthTestFactory.getChromosome(RandomLengthTestFactory.java:40), org.evosuite.coverage.archive.ArchiveTestChromosomeFactory.getChromosome(ArchiveTestChromosomeFactory.java:88), org.evosuite.coverage.archive.ArchiveTestChromosomeFactory.getChromosome(ArchiveTestChromosomeFactory.java:35), org.evosuite.testsuite.factories.TestSuiteChromosomeFactory.getChromosome(TestSuiteChromosomeFactory.java:84), org.evosuite.testsuite.factories.TestSuiteChromosomeFactory.getChromosome(TestSuiteChromosomeFactory.java:35), org.evosuite.ga.metaheuristics.GeneticAlgorithm.generateRandomPopulation(GeneticAlgorithm.java:425), org.evosuite.ga.metaheuristics.GeneticAlgorithm.generateInitialPopulation(GeneticAlgorithm.java:368), org.evosuite.ga.metaheuristics.MonotonicGA.initializePopulation(MonotonicGA.java:204), org.evosuite.ga.metaheuristics.MonotonicGA.generateSolution(MonotonicGA.java:223), org.evosuite.strategy.WholeTestSuiteStrategy.generateTests(WholeTestSuiteStrategy.java:113), org.evosuite.TestSuiteGenerator.generateTests(TestSuiteGenerator.java:653), org.evosuite.TestSuiteGenerator.generateTestSuite(TestSuiteGenerator.java:236), org.evosuite.rmi.service.ClientNodeImpl$1.run(ClientNodeImpl.java:145), java.util.concurrent.Executors$RunnableAdapter.call(Executors.java:511), java.util.concurrent.FutureTask.run(FutureTask.java:266), java.util.concurrent.ThreadPoolExecutor.runWorker(ThreadPoolExecutor.java:1142), java.util.concurrent.ThreadPoolExecutor$Worker.run(ThreadPoolExecutor.java:617), java.lang.Thread.run(Thread.java:745)]
[MASTER] 00:23:58.494 [pool-2-thread-1] ERROR TestCluster - Failed to check cache for java.util.LinkedHashSet<E> : Type points to itself
[MASTER] 00:23:58.506 [pool-2-thread-1] ERROR TestCluster - Failed to check cache for io.netty.channel.CombinedChannelDuplexHandler<I, O> : Type points to itself
[MASTER] 00:23:58.511 [pool-2-thread-1] ERROR TestCluster - Failed to check cache for io.netty.util.concurrent.DefaultProgressivePromise<V> : Type points to itself
[MASTER] 00:23:58.513 [pool-2-thread-1] ERROR TestCluster - Failed to check cache for io.netty.util.concurrent.DefaultPromise<V> : Type points to itself
[MASTER] 00:23:58.515 [pool-2-thread-1] ERROR TestCluster - Failed to check cache for io.netty.util.concurrent.FailedFuture<V> : Type points to itself
[MASTER] 00:23:58.518 [pool-2-thread-1] ERROR TestCluster - Failed to check cache for io.netty.util.concurrent.SucceededFuture<V> : Type points to itself
[MASTER] 00:23:58.523 [pool-2-thread-1] ERROR TestCluster - Failed to check cache for java.lang.reflect.Constructor<T> : Type points to itself
[MASTER] 00:24:01.073 [pool-2-thread-1] ERROR TestCluster - Failed to check cache for java.util.concurrent.Callable<V> : Type points to itself
[MASTER] 00:24:03.899 [pool-2-thread-1] ERROR TestCluster - Failed to check cache for org.asynchttpclient.AsyncHandler<T> : Type points to itself
[MASTER] 00:24:04.663 [pool-2-thread-1] ERROR TestCluster - Failed to check cache for org.asynchttpclient.filter.FilterContext<T> : Type points to itself
[MASTER] 00:24:20.489 [pool-2-thread-1] ERROR TestClusterGenerator - Problem for org.asynchttpclient.DefaultAsyncHttpClient. Failed to add dependencies for class org.testng.TestRunner: java.lang.TypeNotPresentException: Type com.google.inject.Module not present
[sun.reflect.generics.factory.CoreReflectionFactory.makeNamedType(CoreReflectionFactory.java:117), sun.reflect.generics.visitor.Reifier.visitClassTypeSignature(Reifier.java:125), sun.reflect.generics.tree.ClassTypeSignature.accept(ClassTypeSignature.java:49), sun.reflect.generics.visitor.Reifier.reifyTypeArguments(Reifier.java:68), sun.reflect.generics.visitor.Reifier.visitClassTypeSignature(Reifier.java:138), sun.reflect.generics.tree.ClassTypeSignature.accept(ClassTypeSignature.java:49), sun.reflect.generics.visitor.Reifier.reifyTypeArguments(Reifier.java:68), sun.reflect.generics.visitor.Reifier.visitClassTypeSignature(Reifier.java:138), sun.reflect.generics.tree.ClassTypeSignature.accept(ClassTypeSignature.java:49), sun.reflect.generics.repository.FieldRepository.getGenericType(FieldRepository.java:85), java.lang.reflect.Field.getGenericType(Field.java:247), java.lang.reflect.Field.toGenericString(Field.java:329), org.evosuite.setup.TestClusterUtils.getFields(TestClusterUtils.java:224), org.evosuite.setup.TestClusterGenerator.addDependencyClass(TestClusterGenerator.java:1007), org.evosuite.setup.TestClusterGenerator.resolveDependencies(TestClusterGenerator.java:358), org.evosuite.setup.TestClusterGenerator.addNewDependencies(TestClusterGenerator.java:164), org.evosuite.testcase.TestFactory.createObject(TestFactory.java:1257), org.evosuite.testcase.TestFactory.attemptGeneration(TestFactory.java:814), org.evosuite.testcase.TestFactory.createVariable(TestFactory.java:1401), org.evosuite.testcase.TestFactory.createOrReuseVariable(TestFactory.java:1346), org.evosuite.testcase.TestFactory.addMethod(TestFactory.java:513), org.evosuite.testcase.TestFactory.createObject(TestFactory.java:1276), org.evosuite.testcase.TestFactory.attemptGeneration(TestFactory.java:814), org.evosuite.testcase.TestFactory.attemptGeneration(TestFactory.java:735), org.evosuite.testcase.TestFactory.assignArray(TestFactory.java:715), org.evosuite.testcase.TestFactory.createArray(TestFactory.java:1106), org.evosuite.testcase.TestFactory.attemptGeneration(TestFactory.java:783), org.evosuite.testcase.TestFactory.createVariable(TestFactory.java:1401), org.evosuite.testcase.TestFactory.createOrReuseVariable(TestFactory.java:1346), org.evosuite.testcase.TestFactory.satisfyParameters(TestFactory.java:2320), org.evosuite.testcase.TestFactory.addConstructor(TestFactory.java:224), org.evosuite.testcase.TestFactory.createObject(TestFactory.java:1290), org.evosuite.testcase.TestFactory.attemptGeneration(TestFactory.java:814), org.evosuite.testcase.TestFactory.createVariable(TestFactory.java:1401), org.evosuite.testcase.TestFactory.createOrReuseVariable(TestFactory.java:1346), org.evosuite.testcase.TestFactory.addMethod(TestFactory.java:513), org.evosuite.testcase.TestFactory.createObject(TestFactory.java:1276), org.evosuite.testcase.TestFactory.attemptGeneration(TestFactory.java:814), org.evosuite.testcase.TestFactory.createVariable(TestFactory.java:1401), org.evosuite.testcase.TestFactory.createOrReuseVariable(TestFactory.java:1346), org.evosuite.testcase.TestFactory.satisfyParameters(TestFactory.java:2320), org.evosuite.testcase.TestChromosome.mockChange(TestChromosome.java:373), org.evosuite.testcase.TestChromosome.mutate(TestChromosome.java:298), org.evosuite.testsuite.AbstractTestSuiteChromosome.mutate(AbstractTestSuiteChromosome.java:208), org.evosuite.testsuite.TestSuiteChromosome.mutate(TestSuiteChromosome.java:264), org.evosuite.ga.metaheuristics.MonotonicGA.evolve(MonotonicGA.java:127), org.evosuite.ga.metaheuristics.MonotonicGA.generateSolution(MonotonicGA.java:245), org.evosuite.strategy.WholeTestSuiteStrategy.generateTests(WholeTestSuiteStrategy.java:113), org.evosuite.TestSuiteGenerator.generateTests(TestSuiteGenerator.java:653), org.evosuite.TestSuiteGenerator.generateTestSuite(TestSuiteGenerator.java:236), org.evosuite.rmi.service.ClientNodeImpl$1.run(ClientNodeImpl.java:145), java.util.concurrent.Executors$RunnableAdapter.call(Executors.java:511), java.util.concurrent.FutureTask.run(FutureTask.java:266), java.util.concurrent.ThreadPoolExecutor.runWorker(ThreadPoolExecutor.java:1142), java.util.concurrent.ThreadPoolExecutor$Worker.run(ThreadPoolExecutor.java:617), java.lang.Thread.run(Thread.java:745)]
[MASTER] 00:24:21.359 [pool-2-thread-1] ERROR TestClusterGenerator - Problem for org.asynchttpclient.DefaultAsyncHttpClient. Failed to add dependencies for class org.testng.TestRunner: java.lang.TypeNotPresentException: Type com.google.inject.Module not present
[sun.reflect.generics.factory.CoreReflectionFactory.makeNamedType(CoreReflectionFactory.java:117), sun.reflect.generics.visitor.Reifier.visitClassTypeSignature(Reifier.java:125), sun.reflect.generics.tree.ClassTypeSignature.accept(ClassTypeSignature.java:49), sun.reflect.generics.visitor.Reifier.reifyTypeArguments(Reifier.java:68), sun.reflect.generics.visitor.Reifier.visitClassTypeSignature(Reifier.java:138), sun.reflect.generics.tree.ClassTypeSignature.accept(ClassTypeSignature.java:49), sun.reflect.generics.visitor.Reifier.reifyTypeArguments(Reifier.java:68), sun.reflect.generics.visitor.Reifier.visitClassTypeSignature(Reifier.java:138), sun.reflect.generics.tree.ClassTypeSignature.accept(ClassTypeSignature.java:49), sun.reflect.generics.repository.FieldRepository.getGenericType(FieldRepository.java:85), java.lang.reflect.Field.getGenericType(Field.java:247), java.lang.reflect.Field.toGenericString(Field.java:329), org.evosuite.setup.TestClusterUtils.getFields(TestClusterUtils.java:224), org.evosuite.setup.TestClusterGenerator.addDependencyClass(TestClusterGenerator.java:1007), org.evosuite.setup.TestClusterGenerator.resolveDependencies(TestClusterGenerator.java:358), org.evosuite.setup.TestClusterGenerator.addNewDependencies(TestClusterGenerator.java:164), org.evosuite.testcase.TestFactory.createObject(TestFactory.java:1257), org.evosuite.testcase.TestFactory.attemptGeneration(TestFactory.java:814), org.evosuite.testcase.TestFactory.createVariable(TestFactory.java:1401), org.evosuite.testcase.TestFactory.createOrReuseVariable(TestFactory.java:1346), org.evosuite.testcase.TestFactory.addMethod(TestFactory.java:513), org.evosuite.testcase.TestFactory.createObject(TestFactory.java:1276), org.evosuite.testcase.TestFactory.attemptGeneration(TestFactory.java:814), org.evosuite.testcase.TestFactory.attemptGeneration(TestFactory.java:735), org.evosuite.testcase.TestFactory.assignArray(TestFactory.java:715), org.evosuite.testcase.TestFactory.createArray(TestFactory.java:1106), org.evosuite.testcase.TestFactory.attemptGeneration(TestFactory.java:783), org.evosuite.testcase.TestFactory.createVariable(TestFactory.java:1401), org.evosuite.testcase.TestFactory.createOrReuseVariable(TestFactory.java:1346), org.evosuite.testcase.TestFactory.satisfyParameters(TestFactory.java:2320), org.evosuite.testcase.TestFactory.addConstructor(TestFactory.java:224), org.evosuite.testcase.TestFactory.createObject(TestFactory.java:1290), org.evosuite.testcase.TestFactory.attemptGeneration(TestFactory.java:814), org.evosuite.testcase.TestFactory.createVariable(TestFactory.java:1401), org.evosuite.testcase.TestFactory.createOrReuseVariable(TestFactory.java:1346), org.evosuite.testcase.TestFactory.addMethod(TestFactory.java:513), org.evosuite.testcase.TestFactory.createObject(TestFactory.java:1276), org.evosuite.testcase.TestFactory.attemptGeneration(TestFactory.java:814), org.evosuite.testcase.TestFactory.createVariable(TestFactory.java:1401), org.evosuite.testcase.TestFactory.createOrReuseVariable(TestFactory.java:1346), org.evosuite.testcase.TestFactory.satisfyParameters(TestFactory.java:2320), org.evosuite.testcase.TestChromosome.mockChange(TestChromosome.java:373), org.evosuite.testcase.TestChromosome.mutate(TestChromosome.java:298), org.evosuite.testsuite.AbstractTestSuiteChromosome.mutate(AbstractTestSuiteChromosome.java:208), org.evosuite.testsuite.TestSuiteChromosome.mutate(TestSuiteChromosome.java:264), org.evosuite.ga.metaheuristics.MonotonicGA.evolve(MonotonicGA.java:127), org.evosuite.ga.metaheuristics.MonotonicGA.generateSolution(MonotonicGA.java:245), org.evosuite.strategy.WholeTestSuiteStrategy.generateTests(WholeTestSuiteStrategy.java:113), org.evosuite.TestSuiteGenerator.generateTests(TestSuiteGenerator.java:653), org.evosuite.TestSuiteGenerator.generateTestSuite(TestSuiteGenerator.java:236), org.evosuite.rmi.service.ClientNodeImpl$1.run(ClientNodeImpl.java:145), java.util.concurrent.Executors$RunnableAdapter.call(Executors.java:511), java.util.concurrent.FutureTask.run(FutureTask.java:266), java.util.concurrent.ThreadPoolExecutor.runWorker(ThreadPoolExecutor.java:1142), java.util.concurrent.ThreadPoolExecutor$Worker.run(ThreadPoolExecutor.java:617), java.lang.Thread.run(Thread.java:745)]
[MASTER] 00:25:15.547 [pool-2-thread-1] ERROR ClassStateSupport - Could not initialize io.netty.handler.ssl.OpenSslServerContext: io/netty/handler/ssl/ReferenceCountedOpenSslContext$1
[MASTER] 00:25:15.577 [pool-2-thread-1] ERROR ClassStateSupport - Could not initialize io.netty.util.internal.shaded.org.jctools.queues.BaseLinkedQueueProducerNodeRef: Lio/netty/util/internal/shaded/org/jctools/queues/LinkedQueueNode;
[MASTER] 00:25:16.364 [pool-2-thread-1] ERROR ClassStateSupport - Could not initialize io.netty.util.concurrent.GlobalEventExecutor: null
[MASTER] 00:25:16.365 [pool-2-thread-1] ERROR ClassStateSupport - Could not initialize io.netty.handler.ssl.OpenSslClientContext: io.netty.handler.ssl.OpenSslContext
[MASTER] 00:25:16.366 [pool-2-thread-1] ERROR ClassStateSupport - Could not initialize io.netty.util.internal.shaded.org.jctools.queues.BaseLinkedQueuePad2: io.netty.util.internal.shaded.org.jctools.queues.BaseLinkedQueueProducerNodeRef
[MASTER] 00:25:16.367 [pool-2-thread-1] ERROR ClassStateSupport - Could not initialize io.netty.handler.ssl.ReferenceCountedOpenSslServerContext: io.netty.handler.ssl.ReferenceCountedOpenSslContext
[MASTER] 00:25:16.367 [pool-2-thread-1] ERROR ClassStateSupport - Could not initialize io.netty.util.internal.shaded.org.jctools.queues.BaseLinkedQueuePad1: io.netty.util.internal.shaded.org.jctools.queues.BaseLinkedQueueProducerNodeRef
[MASTER] 00:25:16.373 [pool-2-thread-1] ERROR ClassStateSupport - Could not initialize io.netty.channel.ChannelFutureListener: io/netty/channel/ChannelFutureListener$1
[MASTER] 00:25:16.389 [pool-2-thread-1] ERROR ClassStateSupport - Could not initialize io.netty.handler.ssl.OpenSslContext: Could not initialize class io.netty.handler.ssl.OpenSslContext
[MASTER] 00:25:16.390 [pool-2-thread-1] ERROR ClassStateSupport - Could not initialize io.netty.util.concurrent.ScheduledFutureTask: Could not initialize class io.netty.util.concurrent.ScheduledFutureTask
[MASTER] 00:25:16.397 [pool-2-thread-1] ERROR ClassStateSupport - Could not initialize io.netty.util.internal.shaded.org.jctools.queues.BaseLinkedQueue: io.netty.util.internal.shaded.org.jctools.queues.BaseLinkedQueueProducerNodeRef
[MASTER] 00:25:16.397 [pool-2-thread-1] ERROR ClassStateSupport - Could not initialize io.netty.util.internal.shaded.org.jctools.queues.SpscLinkedQueue: io.netty.util.internal.shaded.org.jctools.queues.BaseLinkedQueueProducerNodeRef
[MASTER] 00:25:16.505 [pool-2-thread-1] ERROR ClassStateSupport - Could not initialize io.netty.util.concurrent.PromiseTask: Could not initialize class io.netty.util.concurrent.PromiseTask
[MASTER] 00:25:16.522 [pool-2-thread-1] ERROR ClassStateSupport - Could not initialize io.netty.util.internal.shaded.org.jctools.queues.BaseLinkedQueueConsumerNodeRef: io.netty.util.internal.shaded.org.jctools.queues.BaseLinkedQueueProducerNodeRef
[MASTER] 00:25:16.523 [pool-2-thread-1] ERROR ClassStateSupport - Could not initialize io.netty.handler.ssl.ReferenceCountedOpenSslContext: Could not initialize class io.netty.handler.ssl.ReferenceCountedOpenSslContext
[MASTER] 00:25:16.534 [pool-2-thread-1] ERROR ClassStateSupport - Could not initialize org.asynchttpclient.netty.handler.WebSocketHandler: org/asynchttpclient/exception/ChannelClosedException
[MASTER] 00:25:16.536 [pool-2-thread-1] ERROR ClassStateSupport - Could not initialize io.netty.util.concurrent.DefaultPromise: Could not initialize class io.netty.util.concurrent.DefaultPromise
[MASTER] 00:25:16.621 [pool-2-thread-1] ERROR ClassStateSupport - Could not initialize io.netty.handler.ssl.ReferenceCountedOpenSslClientContext: io.netty.handler.ssl.ReferenceCountedOpenSslContext
[MASTER] 00:25:16.814 [pool-2-thread-1] ERROR ClassResetter - java.lang.NoClassDefFoundError: Could not initialize class io.netty.util.concurrent.DefaultPromise
[MASTER] 00:25:16.814 [pool-2-thread-1] ERROR ClassResetter - java.lang.NoClassDefFoundError: Could not initialize class io.netty.util.concurrent.GlobalEventExecutor
[MASTER] 00:25:18.477 [pool-2-thread-1] ERROR ClassStateSupport - Could not initialize io.netty.util.internal.ThreadLocalRandom: io/netty/util/internal/ThreadLocalRandom$1
[MASTER] 00:25:18.740 [pool-2-thread-1] ERROR ClassStateSupport - Could not initialize io.netty.handler.ssl.OpenSslServerContext: io/netty/handler/ssl/ReferenceCountedOpenSslContext$2
[MASTER] 00:25:18.899 [pool-2-thread-1] ERROR ClassStateSupport - Could not initialize io.netty.handler.codec.DefaultHeaders$NameValidator: io/netty/handler/codec/DefaultHeaders$NameValidator$1
[MASTER] 00:25:18.948 [pool-2-thread-1] ERROR ClassStateSupport - Could not initialize org.asynchttpclient.RequestBuilder: null
[MASTER] 00:25:19.153 [pool-2-thread-1] ERROR ClassStateSupport - Could not initialize io.netty.handler.codec.http.DefaultHttpHeaders: io.netty.handler.codec.DefaultHeaders$NameValidator
[MASTER] 00:25:19.176 [pool-2-thread-1] ERROR ClassStateSupport - Could not initialize org.asynchttpclient.RequestBuilderBase: Could not initialize class org.asynchttpclient.RequestBuilderBase
[MASTER] 00:25:19.178 [pool-2-thread-1] ERROR ClassStateSupport - Could not initialize io.netty.util.HashingStrategy: io/netty/util/HashingStrategy$1
[MASTER] 00:25:19.182 [pool-2-thread-1] ERROR ClassStateSupport - Could not initialize io.netty.channel.ChannelFutureListener: io/netty/channel/ChannelFutureListener$2
[MASTER] 00:25:19.200 [pool-2-thread-1] ERROR ClassStateSupport - Could not initialize io.netty.handler.codec.http.CombinedHttpHeaders: io.netty.handler.codec.http.DefaultHttpHeaders
[MASTER] 00:25:19.248 [pool-2-thread-1] ERROR ClassStateSupport - Could not initialize io.netty.util.ByteProcessor: io/netty/util/ByteProcessor$1
[MASTER] 00:25:19.264 [pool-2-thread-1] ERROR ClassStateSupport - Could not initialize io.netty.channel.DefaultChannelConfig: io/netty/channel/DefaultMessageSizeEstimator$HandleImpl
[MASTER] 00:25:19.286 [pool-2-thread-1] ERROR ClassStateSupport - Could not initialize io.netty.channel.epoll.AbstractEpollServerChannel$EpollServerSocketUnsafe: io/netty/channel/socket/ChannelOutputShutdownException
[MASTER] 00:25:19.306 [pool-2-thread-1] ERROR ClassStateSupport - Could not initialize io.netty.channel.DefaultChannelId: null
[MASTER] 00:25:19.323 [pool-2-thread-1] ERROR ClassStateSupport - Could not initialize io.netty.channel.ChannelOutboundBuffer: io/netty/channel/ChannelOutboundBuffer$1
[MASTER] 00:25:19.334 [pool-2-thread-1] ERROR ClassStateSupport - Could not initialize io.netty.handler.ssl.OpenSslEngine: io/netty/handler/ssl/ReferenceCountedOpenSslEngine$1
[MASTER] 00:25:19.367 [pool-2-thread-1] ERROR ClassStateSupport - Could not initialize io.netty.util.NetUtil: Could not initialize class io.netty.util.NetUtil
[MASTER] 00:25:19.371 [pool-2-thread-1] ERROR ClassStateSupport - Could not initialize io.netty.buffer.ByteBufUtil$ThreadLocalUnsafeDirectByteBuf: io/netty/util/Recycler
[MASTER] 00:25:19.380 [pool-2-thread-1] ERROR ClassStateSupport - Could not initialize io.netty.channel.epoll.EpollServerChannelConfig: io.netty.channel.DefaultChannelConfig
[MASTER] 00:25:19.411 [pool-2-thread-1] ERROR ClassStateSupport - Could not initialize io.netty.handler.ssl.SslHandler: io/netty/handler/codec/ByteToMessageDecoder$1
[MASTER] 00:25:19.418 [pool-2-thread-1] ERROR ClassStateSupport - Could not initialize io.netty.util.concurrent.ImmediateEventExecutor: Could not initialize class io.netty.util.concurrent.ImmediateEventExecutor
[MASTER] 00:25:19.420 [pool-2-thread-1] ERROR ClassStateSupport - Could not initialize io.netty.handler.codec.ByteToMessageDecoder: Could not initialize class io.netty.handler.codec.ByteToMessageDecoder
[MASTER] 00:25:19.450 [pool-2-thread-1] ERROR ClassStateSupport - Could not initialize io.netty.buffer.ByteBufUtil$ThreadLocalDirectByteBuf: io/netty/buffer/ByteBufUtil$ThreadLocalDirectByteBuf$1
[MASTER] 00:25:19.465 [pool-2-thread-1] ERROR ClassStateSupport - Could not initialize io.netty.util.concurrent.GlobalEventExecutor: Could not initialize class io.netty.util.concurrent.GlobalEventExecutor
[MASTER] 00:25:19.477 [pool-2-thread-1] ERROR ClassStateSupport - Could not initialize io.netty.handler.ssl.ReferenceCountedOpenSslEngine: io/netty/internal/tcnative/SSL
[MASTER] 00:25:19.485 [pool-2-thread-1] ERROR ClassStateSupport - Could not initialize io.netty.channel.unix.Socket: io.netty.channel.unix.ErrorsStaticallyReferencedJniMethods.errnoENOTCONN()I
[MASTER] 00:25:19.491 [pool-2-thread-1] ERROR ClassStateSupport - Could not initialize io.netty.channel.epoll.EpollChannelConfig: io.netty.channel.DefaultChannelConfig
[MASTER] 00:25:19.501 [pool-2-thread-1] ERROR ClassStateSupport - Could not initialize io.netty.handler.ssl.OpenSslSessionContext: io/netty/handler/ssl/OpenSslSessionContext$EmptyEnumeration
[MASTER] 00:25:19.514 [pool-2-thread-1] ERROR ClassStateSupport - Could not initialize io.netty.channel.epoll.LinuxSocket: io.netty.channel.unix.Socket
[MASTER] 00:25:19.516 [pool-2-thread-1] ERROR ClassStateSupport - Could not initialize io.netty.buffer.PooledUnsafeDirectByteBuf: io/netty/buffer/PooledUnsafeDirectByteBuf$1
[MASTER] 00:25:19.538 [pool-2-thread-1] ERROR ClassStateSupport - Could not initialize org.testng.xml.Parser: org/testng/xml/SuiteXmlParser
[MASTER] 00:25:19.543 [pool-2-thread-1] ERROR ClassStateSupport - Could not initialize io.netty.handler.ssl.OpenSslServerSessionContext: io.netty.handler.ssl.OpenSslSessionContext
[MASTER] 00:25:19.550 [pool-2-thread-1] ERROR ClassStateSupport - Could not initialize io.netty.buffer.PooledDirectByteBuf: io/netty/buffer/PooledDirectByteBuf$1
[MASTER] 00:25:19.570 [pool-2-thread-1] ERROR ClassStateSupport - Could not initialize io.netty.channel.unix.Errors: Could not initialize class io.netty.channel.unix.Errors
[MASTER] 00:25:19.605 [pool-2-thread-1] ERROR ClassStateSupport - Could not initialize io.netty.channel.unix.FileDescriptor: Could not initialize class io.netty.channel.unix.FileDescriptor
[MASTER] 00:25:19.616 [pool-2-thread-1] ERROR ClassStateSupport - Could not initialize io.netty.bootstrap.Bootstrap: io/netty/resolver/AddressResolverGroup
[MASTER] 00:25:19.633 [pool-2-thread-1] ERROR ClassStateSupport - Could not initialize io.netty.channel.DefaultChannelPromise: io.netty.util.concurrent.DefaultPromise
[MASTER] 00:25:19.645 [pool-2-thread-1] ERROR ClassStateSupport - Could not initialize org.asynchttpclient.BoundRequestBuilder: org.asynchttpclient.RequestBuilderBase
[MASTER] 00:25:19.661 [pool-2-thread-1] ERROR ClassStateSupport - Could not initialize io.netty.channel.AbstractChannel$CloseFuture: io.netty.util.concurrent.DefaultPromise
[MASTER] 00:25:19.687 [pool-2-thread-1] ERROR ClassResetter - java.lang.NoClassDefFoundError: Could not initialize class io.netty.handler.codec.http.DefaultHttpHeaders
[MASTER] 00:25:19.697 [pool-2-thread-1] ERROR ClassResetter - java.lang.NoClassDefFoundError: Could not initialize class io.netty.util.concurrent.ImmediateEventExecutor
[MASTER] 00:25:19.698 [pool-2-thread-1] ERROR ClassResetter - java.lang.NoClassDefFoundError: Could not initialize class org.asynchttpclient.RequestBuilderBase
[MASTER] 00:25:19.698 [pool-2-thread-1] ERROR ClassResetter - java.lang.NoClassDefFoundError: Could not initialize class io.netty.util.NetUtil
[MASTER] 00:25:19.699 [pool-2-thread-1] ERROR ClassResetter - java.lang.NoClassDefFoundError: Could not initialize class io.netty.channel.DefaultChannelId
[MASTER] 00:25:19.706 [pool-2-thread-1] ERROR ClassResetter - java.lang.NoClassDefFoundError: Could not initialize class io.netty.channel.unix.Errors
[MASTER] 00:25:19.706 [pool-2-thread-1] ERROR ClassResetter - java.lang.NoClassDefFoundError: Could not initialize class io.netty.channel.unix.FileDescriptor
