[MASTER] 00:27:41.375 [pool-2-thread-1] WARN  TestSuiteSerialization - Cannot load tests because file does not exist: /Users/Peifeng/Desktop/Study/Topics-in-Software-Engineering/GitLab/evosuite/case_study/async-http-client/client/.evosuite/evosuite-seeds/org.asynchttpclient.handler.TransferCompletionHandler.seed
[MASTER] 00:27:58.918 [pool-2-thread-1] WARN  TestChromosome - Functional mock problem: org.evosuite.ga.ConstructionFailedException: Failed to add constructor for org.asynchttpclient.netty.NettyResponse due to org.evosuite.ga.ConstructionFailedException: Failed to add constructor for org.asynchttpclient.netty.NettyResponseStatus due to org.evosuite.ga.ConstructionFailedException: Failed to add constructor for io.netty.handler.codec.http.DefaultFullHttpResponse due to org.evosuite.ga.ConstructionFailedException: Failed to add constructor for io.netty.buffer.UnpooledDirectByteBuf due to org.evosuite.ga.ConstructionFailedException: Max recursion depth reached
[MASTER] 00:28:00.101 [pool-2-thread-1] WARN  TestChromosome - Functional mock problem: org.evosuite.ga.ConstructionFailedException: Failed to add constructor for org.asynchttpclient.webdav.WebDavResponse due to org.evosuite.ga.ConstructionFailedException: Failed to add constructor for org.asynchttpclient.netty.NettyResponse due to org.evosuite.ga.ConstructionFailedException: Failed to add constructor for org.asynchttpclient.netty.NettyResponseStatus due to org.evosuite.ga.ConstructionFailedException: Failed to add constructor for io.netty.handler.codec.http.DefaultFullHttpResponse due to org.evosuite.ga.ConstructionFailedException: Max recursion depth reached
[MASTER] 00:29:07.186 [pool-2-thread-1] WARN  ClassResetter - class java.lang.NoClassDefFoundError thrown while loading method  __STATIC_RESET() for class org.testng.SuiteRunner
[MASTER] 00:29:07.235 [pool-2-thread-1] WARN  ClassResetter - class java.lang.NoClassDefFoundError thrown while loading method  __STATIC_RESET() for class org.testng.TestRunner
